2020-08-14 09:15:57,631 INFO Starting Nacos v1.3.1 on ddba40b63d32 with PID 25 (/home/nacos/target/nacos-server.jar started by root in /home/nacos)

2020-08-14 09:15:57,637 INFO The following profiles are active: standalone

2020-08-14 09:16:03,224 INFO Bean 'org.springframework.security.config.annotation.configuration.ObjectPostProcessorConfiguration' of type [org.springframework.security.config.annotation.configuration.ObjectPostProcessorConfiguration$$EnhancerBySpringCGLIB$$698ec48c] is not eligible for getting processed by all BeanPostProcessors (for example: not eligible for auto-proxying)

2020-08-14 09:16:03,374 INFO Bean 'objectPostProcessor' of type [org.springframework.security.config.annotation.configuration.AutowireBeanFactoryObjectPostProcessor] is not eligible for getting processed by all BeanPostProcessors (for example: not eligible for auto-proxying)

2020-08-14 09:16:03,380 INFO Bean 'org.springframework.security.access.expression.method.DefaultMethodSecurityExpressionHandler@147a5d08' of type [org.springframework.security.access.expression.method.DefaultMethodSecurityExpressionHandler] is not eligible for getting processed by all BeanPostProcessors (for example: not eligible for auto-proxying)

2020-08-14 09:16:03,382 INFO Bean 'org.springframework.security.config.annotation.method.configuration.GlobalMethodSecurityConfiguration' of type [org.springframework.security.config.annotation.method.configuration.GlobalMethodSecurityConfiguration$$EnhancerBySpringCGLIB$$8e63673e] is not eligible for getting processed by all BeanPostProcessors (for example: not eligible for auto-proxying)

2020-08-14 09:16:03,391 INFO Bean 'methodSecurityMetadataSource' of type [org.springframework.security.access.method.DelegatingMethodSecurityMetadataSource] is not eligible for getting processed by all BeanPostProcessors (for example: not eligible for auto-proxying)

2020-08-14 09:16:04,034 INFO Tomcat initialized with port(s): 8848 (http)

2020-08-14 09:16:04,075 INFO Starting service [Tomcat]

2020-08-14 09:16:04,076 INFO Starting Servlet Engine: Apache Tomcat/9.0.13

2020-08-14 09:16:04,092 INFO The APR based Apache Tomcat Native library which allows optimal performance in production environments was not found on the java.library.path: [/usr/java/packages/lib/amd64:/usr/lib64:/lib64:/lib:/usr/lib]

2020-08-14 09:16:04,247 INFO Initializing Spring embedded WebApplicationContext

2020-08-14 09:16:04,249 INFO Root WebApplicationContext: initialization completed in 6368 ms

2020-08-14 09:16:04,977 WARN HikariPool-1 - idleTimeout has been set but has no effect because the pool is operating as a fixed size pool.

2020-08-14 09:16:04,978 INFO HikariPool-1 - Starting...

2020-08-14 09:16:04,986 WARN Registered driver with driverClassName=org.apache.derby.jdbc.EmbeddedDriver was not found, trying direct instantiation.

2020-08-14 09:16:05,515 INFO HikariPool-1 - Driver does not support get/set network timeout for connections. (Feature not implemented: No details.)

2020-08-14 09:16:05,522 INFO HikariPool-1 - Start completed.

2020-08-14 09:16:06,896 INFO Nacos-related cluster resource initialization

2020-08-14 09:16:06,913 INFO The cluster resource is initialized

2020-08-14 09:16:07,508 INFO Reflections took 58 ms to scan 1 urls, producing 6 keys and 24 values 

2020-08-14 09:16:07,554 INFO Reflections took 4 ms to scan 1 urls, producing 2 keys and 12 values 

2020-08-14 09:16:07,565 INFO Reflections took 6 ms to scan 1 urls, producing 3 keys and 15 values 

2020-08-14 09:16:09,081 INFO Initializing ExecutorService 'applicationTaskExecutor'

2020-08-14 09:16:09,364 INFO Adding welcome page: class path resource [static/index.html]

2020-08-14 09:16:09,834 INFO Creating filter chain: Ant [pattern='/**'], []

2020-08-14 09:16:09,882 INFO Creating filter chain: any request, [org.springframework.security.web.context.request.async.WebAsyncManagerIntegrationFilter@66971f6b, org.springframework.security.web.context.SecurityContextPersistenceFilter@5dcbb60, org.springframework.security.web.header.HeaderWriterFilter@7de0c6ae, org.springframework.security.web.csrf.CsrfFilter@372ea2bc, org.springframework.security.web.authentication.logout.LogoutFilter@1601e47, org.springframework.security.web.savedrequest.RequestCacheAwareFilter@21526f6c, org.springframework.security.web.servletapi.SecurityContextHolderAwareRequestFilter@5471388b, org.springframework.security.web.authentication.AnonymousAuthenticationFilter@50687efb, org.springframework.security.web.session.SessionManagementFilter@cdc3aae, org.springframework.security.web.access.ExceptionTranslationFilter@2f08c4b]

2020-08-14 09:16:09,999 INFO Exposing 2 endpoint(s) beneath base path '/actuator'

2020-08-14 09:16:10,035 INFO Initializing ExecutorService 'taskScheduler'

2020-08-14 09:16:10,198 INFO Tomcat started on port(s): 8848 (http) with context path '/nacos'

2020-08-14 09:16:10,205 INFO Started Nacos in 18.12 seconds (JVM running for 24.666)

2020-08-14 09:16:10,206 INFO Nacos Log files: /home/nacos/logs

2020-08-14 09:16:10,211 INFO Nacos Log files: /home/nacos/conf

2020-08-14 09:16:10,212 INFO Nacos Log files: /home/nacos/data

2020-08-14 09:16:10,214 INFO Nacos started successfully in stand alone mode. use embedded storage

2020-08-14 09:26:07,391 INFO [capacityManagement] start correct usage

2020-08-14 09:26:07,442 INFO [capacityManagement] end correct usage, cost: 0s

2020-08-14 09:26:07,987 WARN clearConfigHistory start

2020-08-14 09:36:06,987 INFO [capacityManagement] start correct usage

2020-08-14 09:36:06,992 INFO [capacityManagement] end correct usage, cost: 0s

2020-08-14 09:36:07,557 WARN clearConfigHistory start

2020-08-14 09:46:06,521 INFO [capacityManagement] start correct usage

2020-08-14 09:46:06,525 INFO [capacityManagement] end correct usage, cost: 0s

2020-08-14 09:46:07,090 WARN clearConfigHistory start

2020-08-14 09:53:57,414 INFO Initializing Spring DispatcherServlet 'dispatcherServlet'

2020-08-14 09:53:57,416 INFO Initializing Servlet 'dispatcherServlet'

2020-08-14 09:53:57,435 INFO Completed initialization in 18 ms

2020-08-14 09:56:06,078 INFO [capacityManagement] start correct usage

2020-08-14 09:56:06,082 INFO [capacityManagement] end correct usage, cost: 0s

2020-08-14 09:56:06,645 WARN clearConfigHistory start

2020-08-14 10:06:05,636 INFO [capacityManagement] start correct usage

2020-08-14 10:06:05,639 INFO [capacityManagement] end correct usage, cost: 0s

2020-08-14 10:06:06,200 WARN clearConfigHistory start

2020-08-14 10:16:05,174 INFO [capacityManagement] start correct usage

2020-08-14 10:16:05,177 INFO [capacityManagement] end correct usage, cost: 0s

2020-08-14 10:16:05,735 WARN clearConfigHistory start

2020-08-14 10:26:04,725 INFO [capacityManagement] start correct usage

2020-08-14 10:26:04,728 INFO [capacityManagement] end correct usage, cost: 0s

2020-08-14 10:26:05,286 WARN clearConfigHistory start

