2020-08-14 09:16:06,975 INFO raft peers changed: [Member{ip='ddba40b63d32', port=8848, state=UP, extendInfo={adWeight=0, raftPort=7848, site=unknow, weight=1}}]

2020-08-14 09:16:06,999 INFO initializing Raft sub-system

2020-08-14 09:16:07,000 INFO raft notifier started

2020-08-14 09:16:07,003 INFO finish loading all datums, size: 0 cost 3 ms.

2020-08-14 09:16:07,011 INFO cache loaded, datum count: 0, current term: 225

2020-08-14 09:16:07,011 INFO finish to load data from disk, cost: 11 ms.

2020-08-14 09:16:07,016 INFO timer started: leader timeout ms: 15000, heart-beat timeout ms: 5000

2020-08-14 09:16:07,712 INFO add listener: com.alibaba.nacos.naming.domains.meta.00-00---000-NACOS_SWITCH_DOMAIN-000---00-00

2020-08-14 09:16:07,762 INFO add listener: com.alibaba.nacos.naming.domains.meta.

2020-08-14 09:16:10,085 INFO leader timeout, start voting,leader: {"ip":"ddba40b63d32:8848","term":0,"leaderDueMs":18122,"heartbeatDueMs":4500,"state":"FOLLOWER"}, term: 0

2020-08-14 09:16:28,491 INFO leader timeout, start voting,leader: {"ip":"ddba40b63d32:8848","voteFor":"ddba40b63d32:8848","term":1,"leaderDueMs":17616,"heartbeatDueMs":5000,"state":"CANDIDATE"}, term: 1

2020-08-14 09:16:46,470 INFO leader timeout, start voting,leader: {"ip":"ddba40b63d32:8848","voteFor":"ddba40b63d32:8848","term":2,"leaderDueMs":18354,"heartbeatDueMs":5000,"state":"CANDIDATE"}, term: 2

2020-08-14 09:17:04,969 INFO leader timeout, start voting,leader: {"ip":"ddba40b63d32:8848","voteFor":"ddba40b63d32:8848","term":3,"leaderDueMs":18792,"heartbeatDueMs":5000,"state":"CANDIDATE"}, term: 3

2020-08-14 09:17:23,948 INFO leader timeout, start voting,leader: {"ip":"ddba40b63d32:8848","voteFor":"ddba40b63d32:8848","term":4,"leaderDueMs":16343,"heartbeatDueMs":5000,"state":"CANDIDATE"}, term: 4

2020-08-14 09:17:40,448 INFO leader timeout, start voting,leader: {"ip":"ddba40b63d32:8848","voteFor":"ddba40b63d32:8848","term":5,"leaderDueMs":15182,"heartbeatDueMs":5000,"state":"CANDIDATE"}, term: 5

2020-08-14 09:17:55,926 INFO leader timeout, start voting,leader: {"ip":"ddba40b63d32:8848","voteFor":"ddba40b63d32:8848","term":6,"leaderDueMs":18452,"heartbeatDueMs":5000,"state":"CANDIDATE"}, term: 6

2020-08-14 09:18:14,405 INFO leader timeout, start voting,leader: {"ip":"ddba40b63d32:8848","voteFor":"ddba40b63d32:8848","term":7,"leaderDueMs":18407,"heartbeatDueMs":5000,"state":"CANDIDATE"}, term: 7

2020-08-14 09:18:32,905 INFO leader timeout, start voting,leader: {"ip":"ddba40b63d32:8848","voteFor":"ddba40b63d32:8848","term":8,"leaderDueMs":17341,"heartbeatDueMs":5000,"state":"CANDIDATE"}, term: 8

2020-08-14 09:18:50,383 INFO leader timeout, start voting,leader: {"ip":"ddba40b63d32:8848","voteFor":"ddba40b63d32:8848","term":9,"leaderDueMs":18165,"heartbeatDueMs":5000,"state":"CANDIDATE"}, term: 9

2020-08-14 09:19:08,883 INFO leader timeout, start voting,leader: {"ip":"ddba40b63d32:8848","voteFor":"ddba40b63d32:8848","term":10,"leaderDueMs":16784,"heartbeatDueMs":5000,"state":"CANDIDATE"}, term: 10

2020-08-14 09:19:25,862 INFO leader timeout, start voting,leader: {"ip":"ddba40b63d32:8848","voteFor":"ddba40b63d32:8848","term":11,"leaderDueMs":16495,"heartbeatDueMs":5000,"state":"CANDIDATE"}, term: 11

2020-08-14 09:19:42,340 INFO leader timeout, start voting,leader: {"ip":"ddba40b63d32:8848","voteFor":"ddba40b63d32:8848","term":12,"leaderDueMs":19175,"heartbeatDueMs":5000,"state":"CANDIDATE"}, term: 12

2020-08-14 09:20:01,840 INFO leader timeout, start voting,leader: {"ip":"ddba40b63d32:8848","voteFor":"ddba40b63d32:8848","term":13,"leaderDueMs":15022,"heartbeatDueMs":5000,"state":"CANDIDATE"}, term: 13

2020-08-14 09:20:17,318 INFO leader timeout, start voting,leader: {"ip":"ddba40b63d32:8848","voteFor":"ddba40b63d32:8848","term":14,"leaderDueMs":16146,"heartbeatDueMs":5000,"state":"CANDIDATE"}, term: 14

2020-08-14 09:20:33,818 INFO leader timeout, start voting,leader: {"ip":"ddba40b63d32:8848","voteFor":"ddba40b63d32:8848","term":15,"leaderDueMs":17457,"heartbeatDueMs":5000,"state":"CANDIDATE"}, term: 15

2020-08-14 09:20:51,297 INFO leader timeout, start voting,leader: {"ip":"ddba40b63d32:8848","voteFor":"ddba40b63d32:8848","term":16,"leaderDueMs":15648,"heartbeatDueMs":5000,"state":"CANDIDATE"}, term: 16

2020-08-14 09:21:07,297 INFO leader timeout, start voting,leader: {"ip":"ddba40b63d32:8848","voteFor":"ddba40b63d32:8848","term":17,"leaderDueMs":17679,"heartbeatDueMs":5000,"state":"CANDIDATE"}, term: 17

2020-08-14 09:21:25,275 INFO leader timeout, start voting,leader: {"ip":"ddba40b63d32:8848","voteFor":"ddba40b63d32:8848","term":18,"leaderDueMs":17302,"heartbeatDueMs":5000,"state":"CANDIDATE"}, term: 18

2020-08-14 09:21:42,754 INFO leader timeout, start voting,leader: {"ip":"ddba40b63d32:8848","voteFor":"ddba40b63d32:8848","term":19,"leaderDueMs":16305,"heartbeatDueMs":5000,"state":"CANDIDATE"}, term: 19

2020-08-14 09:21:59,254 INFO leader timeout, start voting,leader: {"ip":"ddba40b63d32:8848","voteFor":"ddba40b63d32:8848","term":20,"leaderDueMs":19068,"heartbeatDueMs":5000,"state":"CANDIDATE"}, term: 20

2020-08-14 09:22:18,732 INFO leader timeout, start voting,leader: {"ip":"ddba40b63d32:8848","voteFor":"ddba40b63d32:8848","term":21,"leaderDueMs":19967,"heartbeatDueMs":5000,"state":"CANDIDATE"}, term: 21

2020-08-14 09:22:38,732 INFO leader timeout, start voting,leader: {"ip":"ddba40b63d32:8848","voteFor":"ddba40b63d32:8848","term":22,"leaderDueMs":16871,"heartbeatDueMs":5000,"state":"CANDIDATE"}, term: 22

2020-08-14 09:22:55,710 INFO leader timeout, start voting,leader: {"ip":"ddba40b63d32:8848","voteFor":"ddba40b63d32:8848","term":23,"leaderDueMs":18029,"heartbeatDueMs":5000,"state":"CANDIDATE"}, term: 23

2020-08-14 09:23:14,189 INFO leader timeout, start voting,leader: {"ip":"ddba40b63d32:8848","voteFor":"ddba40b63d32:8848","term":24,"leaderDueMs":18406,"heartbeatDueMs":5000,"state":"CANDIDATE"}, term: 24

2020-08-14 09:23:32,689 INFO leader timeout, start voting,leader: {"ip":"ddba40b63d32:8848","voteFor":"ddba40b63d32:8848","term":25,"leaderDueMs":18187,"heartbeatDueMs":5000,"state":"CANDIDATE"}, term: 25

2020-08-14 09:23:51,167 INFO leader timeout, start voting,leader: {"ip":"ddba40b63d32:8848","voteFor":"ddba40b63d32:8848","term":26,"leaderDueMs":16427,"heartbeatDueMs":5000,"state":"CANDIDATE"}, term: 26

2020-08-14 09:24:07,667 INFO leader timeout, start voting,leader: {"ip":"ddba40b63d32:8848","voteFor":"ddba40b63d32:8848","term":27,"leaderDueMs":15662,"heartbeatDueMs":5000,"state":"CANDIDATE"}, term: 27

2020-08-14 09:24:23,646 INFO leader timeout, start voting,leader: {"ip":"ddba40b63d32:8848","voteFor":"ddba40b63d32:8848","term":28,"leaderDueMs":15340,"heartbeatDueMs":5000,"state":"CANDIDATE"}, term: 28

2020-08-14 09:24:39,145 INFO leader timeout, start voting,leader: {"ip":"ddba40b63d32:8848","voteFor":"ddba40b63d32:8848","term":29,"leaderDueMs":15445,"heartbeatDueMs":5000,"state":"CANDIDATE"}, term: 29

2020-08-14 09:24:54,624 INFO leader timeout, start voting,leader: {"ip":"ddba40b63d32:8848","voteFor":"ddba40b63d32:8848","term":30,"leaderDueMs":15489,"heartbeatDueMs":5000,"state":"CANDIDATE"}, term: 30

2020-08-14 09:25:10,124 INFO leader timeout, start voting,leader: {"ip":"ddba40b63d32:8848","voteFor":"ddba40b63d32:8848","term":31,"leaderDueMs":18660,"heartbeatDueMs":5000,"state":"CANDIDATE"}, term: 31

2020-08-14 09:25:29,103 INFO leader timeout, start voting,leader: {"ip":"ddba40b63d32:8848","voteFor":"ddba40b63d32:8848","term":32,"leaderDueMs":18261,"heartbeatDueMs":5000,"state":"CANDIDATE"}, term: 32

2020-08-14 09:25:47,581 INFO leader timeout, start voting,leader: {"ip":"ddba40b63d32:8848","voteFor":"ddba40b63d32:8848","term":33,"leaderDueMs":15104,"heartbeatDueMs":5000,"state":"CANDIDATE"}, term: 33

2020-08-14 09:26:03,081 INFO leader timeout, start voting,leader: {"ip":"ddba40b63d32:8848","voteFor":"ddba40b63d32:8848","term":34,"leaderDueMs":18711,"heartbeatDueMs":5000,"state":"CANDIDATE"}, term: 34

2020-08-14 09:26:22,050 INFO leader timeout, start voting,leader: {"ip":"ddba40b63d32:8848","voteFor":"ddba40b63d32:8848","term":35,"leaderDueMs":15114,"heartbeatDueMs":5000,"state":"CANDIDATE"}, term: 35

2020-08-14 09:26:37,550 INFO leader timeout, start voting,leader: {"ip":"ddba40b63d32:8848","voteFor":"ddba40b63d32:8848","term":36,"leaderDueMs":18312,"heartbeatDueMs":5000,"state":"CANDIDATE"}, term: 36

2020-08-14 09:26:56,021 INFO leader timeout, start voting,leader: {"ip":"ddba40b63d32:8848","voteFor":"ddba40b63d32:8848","term":37,"leaderDueMs":15104,"heartbeatDueMs":5000,"state":"CANDIDATE"}, term: 37

2020-08-14 09:27:11,498 INFO leader timeout, start voting,leader: {"ip":"ddba40b63d32:8848","voteFor":"ddba40b63d32:8848","term":38,"leaderDueMs":19203,"heartbeatDueMs":5000,"state":"CANDIDATE"}, term: 38

2020-08-14 09:27:30,998 INFO leader timeout, start voting,leader: {"ip":"ddba40b63d32:8848","voteFor":"ddba40b63d32:8848","term":39,"leaderDueMs":18389,"heartbeatDueMs":5000,"state":"CANDIDATE"}, term: 39

2020-08-14 09:27:49,476 INFO leader timeout, start voting,leader: {"ip":"ddba40b63d32:8848","voteFor":"ddba40b63d32:8848","term":40,"leaderDueMs":16917,"heartbeatDueMs":5000,"state":"CANDIDATE"}, term: 40

2020-08-14 09:28:06,476 INFO leader timeout, start voting,leader: {"ip":"ddba40b63d32:8848","voteFor":"ddba40b63d32:8848","term":41,"leaderDueMs":18879,"heartbeatDueMs":5000,"state":"CANDIDATE"}, term: 41

2020-08-14 09:28:25,454 INFO leader timeout, start voting,leader: {"ip":"ddba40b63d32:8848","voteFor":"ddba40b63d32:8848","term":42,"leaderDueMs":15333,"heartbeatDueMs":5000,"state":"CANDIDATE"}, term: 42

2020-08-14 09:28:40,932 INFO leader timeout, start voting,leader: {"ip":"ddba40b63d32:8848","voteFor":"ddba40b63d32:8848","term":43,"leaderDueMs":16024,"heartbeatDueMs":5000,"state":"CANDIDATE"}, term: 43

2020-08-14 09:28:57,432 INFO leader timeout, start voting,leader: {"ip":"ddba40b63d32:8848","voteFor":"ddba40b63d32:8848","term":44,"leaderDueMs":16068,"heartbeatDueMs":5000,"state":"CANDIDATE"}, term: 44

2020-08-14 09:29:13,910 INFO leader timeout, start voting,leader: {"ip":"ddba40b63d32:8848","voteFor":"ddba40b63d32:8848","term":45,"leaderDueMs":15336,"heartbeatDueMs":5000,"state":"CANDIDATE"}, term: 45

2020-08-14 09:29:29,410 INFO leader timeout, start voting,leader: {"ip":"ddba40b63d32:8848","voteFor":"ddba40b63d32:8848","term":46,"leaderDueMs":17775,"heartbeatDueMs":5000,"state":"CANDIDATE"}, term: 46

2020-08-14 09:29:47,388 INFO leader timeout, start voting,leader: {"ip":"ddba40b63d32:8848","voteFor":"ddba40b63d32:8848","term":47,"leaderDueMs":16110,"heartbeatDueMs":5000,"state":"CANDIDATE"}, term: 47

2020-08-14 09:30:03,888 INFO leader timeout, start voting,leader: {"ip":"ddba40b63d32:8848","voteFor":"ddba40b63d32:8848","term":48,"leaderDueMs":15838,"heartbeatDueMs":5000,"state":"CANDIDATE"}, term: 48

2020-08-14 09:30:19,866 INFO leader timeout, start voting,leader: {"ip":"ddba40b63d32:8848","voteFor":"ddba40b63d32:8848","term":49,"leaderDueMs":19668,"heartbeatDueMs":5000,"state":"CANDIDATE"}, term: 49

2020-08-14 09:30:39,866 INFO leader timeout, start voting,leader: {"ip":"ddba40b63d32:8848","voteFor":"ddba40b63d32:8848","term":50,"leaderDueMs":16849,"heartbeatDueMs":5000,"state":"CANDIDATE"}, term: 50

2020-08-14 09:30:56,844 INFO leader timeout, start voting,leader: {"ip":"ddba40b63d32:8848","voteFor":"ddba40b63d32:8848","term":51,"leaderDueMs":18907,"heartbeatDueMs":5000,"state":"CANDIDATE"}, term: 51

2020-08-14 09:31:15,822 INFO leader timeout, start voting,leader: {"ip":"ddba40b63d32:8848","voteFor":"ddba40b63d32:8848","term":52,"leaderDueMs":18206,"heartbeatDueMs":5000,"state":"CANDIDATE"}, term: 52

2020-08-14 09:31:34,322 INFO leader timeout, start voting,leader: {"ip":"ddba40b63d32:8848","voteFor":"ddba40b63d32:8848","term":53,"leaderDueMs":18775,"heartbeatDueMs":5000,"state":"CANDIDATE"}, term: 53

2020-08-14 09:31:53,300 INFO leader timeout, start voting,leader: {"ip":"ddba40b63d32:8848","voteFor":"ddba40b63d32:8848","term":54,"leaderDueMs":17372,"heartbeatDueMs":5000,"state":"CANDIDATE"}, term: 54

2020-08-14 09:32:10,778 INFO leader timeout, start voting,leader: {"ip":"ddba40b63d32:8848","voteFor":"ddba40b63d32:8848","term":55,"leaderDueMs":19160,"heartbeatDueMs":5000,"state":"CANDIDATE"}, term: 55

2020-08-14 09:32:30,278 INFO leader timeout, start voting,leader: {"ip":"ddba40b63d32:8848","voteFor":"ddba40b63d32:8848","term":56,"leaderDueMs":17304,"heartbeatDueMs":5000,"state":"CANDIDATE"}, term: 56

2020-08-14 09:32:47,757 INFO leader timeout, start voting,leader: {"ip":"ddba40b63d32:8848","voteFor":"ddba40b63d32:8848","term":57,"leaderDueMs":19739,"heartbeatDueMs":5000,"state":"CANDIDATE"}, term: 57

2020-08-14 09:33:07,757 INFO leader timeout, start voting,leader: {"ip":"ddba40b63d32:8848","voteFor":"ddba40b63d32:8848","term":58,"leaderDueMs":19359,"heartbeatDueMs":5000,"state":"CANDIDATE"}, term: 58

2020-08-14 09:33:27,241 INFO leader timeout, start voting,leader: {"ip":"ddba40b63d32:8848","voteFor":"ddba40b63d32:8848","term":59,"leaderDueMs":17434,"heartbeatDueMs":5000,"state":"CANDIDATE"}, term: 59

2020-08-14 09:33:44,713 INFO leader timeout, start voting,leader: {"ip":"ddba40b63d32:8848","voteFor":"ddba40b63d32:8848","term":60,"leaderDueMs":18615,"heartbeatDueMs":5000,"state":"CANDIDATE"}, term: 60

2020-08-14 09:34:03,713 INFO leader timeout, start voting,leader: {"ip":"ddba40b63d32:8848","voteFor":"ddba40b63d32:8848","term":61,"leaderDueMs":17087,"heartbeatDueMs":5000,"state":"CANDIDATE"}, term: 61

2020-08-14 09:34:21,191 INFO leader timeout, start voting,leader: {"ip":"ddba40b63d32:8848","voteFor":"ddba40b63d32:8848","term":62,"leaderDueMs":17914,"heartbeatDueMs":5000,"state":"CANDIDATE"}, term: 62

2020-08-14 09:34:39,190 INFO leader timeout, start voting,leader: {"ip":"ddba40b63d32:8848","voteFor":"ddba40b63d32:8848","term":63,"leaderDueMs":16800,"heartbeatDueMs":5000,"state":"CANDIDATE"}, term: 63

2020-08-14 09:34:56,168 INFO leader timeout, start voting,leader: {"ip":"ddba40b63d32:8848","voteFor":"ddba40b63d32:8848","term":64,"leaderDueMs":18489,"heartbeatDueMs":5000,"state":"CANDIDATE"}, term: 64

2020-08-14 09:35:14,647 INFO leader timeout, start voting,leader: {"ip":"ddba40b63d32:8848","voteFor":"ddba40b63d32:8848","term":65,"leaderDueMs":19550,"heartbeatDueMs":5000,"state":"CANDIDATE"}, term: 65

2020-08-14 09:35:34,647 INFO leader timeout, start voting,leader: {"ip":"ddba40b63d32:8848","voteFor":"ddba40b63d32:8848","term":66,"leaderDueMs":19550,"heartbeatDueMs":5000,"state":"CANDIDATE"}, term: 66

2020-08-14 09:35:54,625 INFO leader timeout, start voting,leader: {"ip":"ddba40b63d32:8848","voteFor":"ddba40b63d32:8848","term":67,"leaderDueMs":19366,"heartbeatDueMs":5000,"state":"CANDIDATE"}, term: 67

2020-08-14 09:36:14,103 INFO leader timeout, start voting,leader: {"ip":"ddba40b63d32:8848","voteFor":"ddba40b63d32:8848","term":68,"leaderDueMs":15587,"heartbeatDueMs":5000,"state":"CANDIDATE"}, term: 68

2020-08-14 09:36:30,103 INFO leader timeout, start voting,leader: {"ip":"ddba40b63d32:8848","voteFor":"ddba40b63d32:8848","term":69,"leaderDueMs":19651,"heartbeatDueMs":5000,"state":"CANDIDATE"}, term: 69

2020-08-14 09:36:50,081 INFO leader timeout, start voting,leader: {"ip":"ddba40b63d32:8848","voteFor":"ddba40b63d32:8848","term":70,"leaderDueMs":15012,"heartbeatDueMs":5000,"state":"CANDIDATE"}, term: 70

2020-08-14 09:37:05,582 INFO leader timeout, start voting,leader: {"ip":"ddba40b63d32:8848","voteFor":"ddba40b63d32:8848","term":71,"leaderDueMs":15484,"heartbeatDueMs":5000,"state":"CANDIDATE"}, term: 71

2020-08-14 09:37:21,057 INFO leader timeout, start voting,leader: {"ip":"ddba40b63d32:8848","voteFor":"ddba40b63d32:8848","term":72,"leaderDueMs":17495,"heartbeatDueMs":5000,"state":"CANDIDATE"}, term: 72

2020-08-14 09:37:38,557 INFO leader timeout, start voting,leader: {"ip":"ddba40b63d32:8848","voteFor":"ddba40b63d32:8848","term":73,"leaderDueMs":19729,"heartbeatDueMs":5000,"state":"CANDIDATE"}, term: 73

2020-08-14 09:37:58,537 INFO leader timeout, start voting,leader: {"ip":"ddba40b63d32:8848","voteFor":"ddba40b63d32:8848","term":74,"leaderDueMs":15382,"heartbeatDueMs":5000,"state":"CANDIDATE"}, term: 74

2020-08-14 09:38:14,015 INFO leader timeout, start voting,leader: {"ip":"ddba40b63d32:8848","voteFor":"ddba40b63d32:8848","term":75,"leaderDueMs":16939,"heartbeatDueMs":5000,"state":"CANDIDATE"}, term: 75

2020-08-14 09:38:31,015 INFO leader timeout, start voting,leader: {"ip":"ddba40b63d32:8848","voteFor":"ddba40b63d32:8848","term":76,"leaderDueMs":18820,"heartbeatDueMs":5000,"state":"CANDIDATE"}, term: 76

2020-08-14 09:38:49,993 INFO leader timeout, start voting,leader: {"ip":"ddba40b63d32:8848","voteFor":"ddba40b63d32:8848","term":77,"leaderDueMs":15945,"heartbeatDueMs":5000,"state":"CANDIDATE"}, term: 77

2020-08-14 09:39:05,993 INFO leader timeout, start voting,leader: {"ip":"ddba40b63d32:8848","voteFor":"ddba40b63d32:8848","term":78,"leaderDueMs":18890,"heartbeatDueMs":5000,"state":"CANDIDATE"}, term: 78

2020-08-14 09:39:24,971 INFO leader timeout, start voting,leader: {"ip":"ddba40b63d32:8848","voteFor":"ddba40b63d32:8848","term":79,"leaderDueMs":19056,"heartbeatDueMs":5000,"state":"CANDIDATE"}, term: 79

2020-08-14 09:39:44,449 INFO leader timeout, start voting,leader: {"ip":"ddba40b63d32:8848","voteFor":"ddba40b63d32:8848","term":80,"leaderDueMs":16520,"heartbeatDueMs":5000,"state":"CANDIDATE"}, term: 80

2020-08-14 09:40:01,449 INFO leader timeout, start voting,leader: {"ip":"ddba40b63d32:8848","voteFor":"ddba40b63d32:8848","term":81,"leaderDueMs":17396,"heartbeatDueMs":5000,"state":"CANDIDATE"}, term: 81

2020-08-14 09:40:18,927 INFO leader timeout, start voting,leader: {"ip":"ddba40b63d32:8848","voteFor":"ddba40b63d32:8848","term":82,"leaderDueMs":15387,"heartbeatDueMs":5000,"state":"CANDIDATE"}, term: 82

2020-08-14 09:40:34,427 INFO leader timeout, start voting,leader: {"ip":"ddba40b63d32:8848","voteFor":"ddba40b63d32:8848","term":83,"leaderDueMs":15472,"heartbeatDueMs":5000,"state":"CANDIDATE"}, term: 83

2020-08-14 09:40:49,905 INFO leader timeout, start voting,leader: {"ip":"ddba40b63d32:8848","voteFor":"ddba40b63d32:8848","term":84,"leaderDueMs":19101,"heartbeatDueMs":5000,"state":"CANDIDATE"}, term: 84

2020-08-14 09:41:09,405 INFO leader timeout, start voting,leader: {"ip":"ddba40b63d32:8848","voteFor":"ddba40b63d32:8848","term":85,"leaderDueMs":15732,"heartbeatDueMs":5000,"state":"CANDIDATE"}, term: 85

2020-08-14 09:41:25,383 INFO leader timeout, start voting,leader: {"ip":"ddba40b63d32:8848","voteFor":"ddba40b63d32:8848","term":86,"leaderDueMs":18872,"heartbeatDueMs":5000,"state":"CANDIDATE"}, term: 86

2020-08-14 09:41:44,361 INFO leader timeout, start voting,leader: {"ip":"ddba40b63d32:8848","voteFor":"ddba40b63d32:8848","term":87,"leaderDueMs":18264,"heartbeatDueMs":5000,"state":"CANDIDATE"}, term: 87

2020-08-14 09:42:02,861 INFO leader timeout, start voting,leader: {"ip":"ddba40b63d32:8848","voteFor":"ddba40b63d32:8848","term":88,"leaderDueMs":18572,"heartbeatDueMs":5000,"state":"CANDIDATE"}, term: 88

2020-08-14 09:42:21,820 INFO leader timeout, start voting,leader: {"ip":"ddba40b63d32:8848","voteFor":"ddba40b63d32:8848","term":89,"leaderDueMs":16544,"heartbeatDueMs":5000,"state":"CANDIDATE"}, term: 89

2020-08-14 09:42:38,819 INFO leader timeout, start voting,leader: {"ip":"ddba40b63d32:8848","voteFor":"ddba40b63d32:8848","term":90,"leaderDueMs":15823,"heartbeatDueMs":5000,"state":"CANDIDATE"}, term: 90

2020-08-14 09:42:54,788 INFO leader timeout, start voting,leader: {"ip":"ddba40b63d32:8848","voteFor":"ddba40b63d32:8848","term":91,"leaderDueMs":15209,"heartbeatDueMs":5000,"state":"CANDIDATE"}, term: 91

2020-08-14 09:43:10,265 INFO leader timeout, start voting,leader: {"ip":"ddba40b63d32:8848","voteFor":"ddba40b63d32:8848","term":92,"leaderDueMs":17728,"heartbeatDueMs":5000,"state":"CANDIDATE"}, term: 92

2020-08-14 09:43:28,264 INFO leader timeout, start voting,leader: {"ip":"ddba40b63d32:8848","voteFor":"ddba40b63d32:8848","term":93,"leaderDueMs":17378,"heartbeatDueMs":5000,"state":"CANDIDATE"}, term: 93

2020-08-14 09:43:45,742 INFO leader timeout, start voting,leader: {"ip":"ddba40b63d32:8848","voteFor":"ddba40b63d32:8848","term":94,"leaderDueMs":18327,"heartbeatDueMs":5000,"state":"CANDIDATE"}, term: 94

2020-08-14 09:44:04,242 INFO leader timeout, start voting,leader: {"ip":"ddba40b63d32:8848","voteFor":"ddba40b63d32:8848","term":95,"leaderDueMs":15258,"heartbeatDueMs":5000,"state":"CANDIDATE"}, term: 95

2020-08-14 09:44:19,719 INFO leader timeout, start voting,leader: {"ip":"ddba40b63d32:8848","voteFor":"ddba40b63d32:8848","term":96,"leaderDueMs":15422,"heartbeatDueMs":5000,"state":"CANDIDATE"}, term: 96

2020-08-14 09:44:35,219 INFO leader timeout, start voting,leader: {"ip":"ddba40b63d32:8848","voteFor":"ddba40b63d32:8848","term":97,"leaderDueMs":18432,"heartbeatDueMs":5000,"state":"CANDIDATE"}, term: 97

2020-08-14 09:44:53,697 INFO leader timeout, start voting,leader: {"ip":"ddba40b63d32:8848","voteFor":"ddba40b63d32:8848","term":98,"leaderDueMs":16178,"heartbeatDueMs":5000,"state":"CANDIDATE"}, term: 98

2020-08-14 09:45:10,174 INFO leader timeout, start voting,leader: {"ip":"ddba40b63d32:8848","voteFor":"ddba40b63d32:8848","term":99,"leaderDueMs":17678,"heartbeatDueMs":5000,"state":"CANDIDATE"}, term: 99

2020-08-14 09:45:28,174 INFO leader timeout, start voting,leader: {"ip":"ddba40b63d32:8848","voteFor":"ddba40b63d32:8848","term":100,"leaderDueMs":18966,"heartbeatDueMs":5000,"state":"CANDIDATE"}, term: 100

2020-08-14 09:45:47,152 INFO leader timeout, start voting,leader: {"ip":"ddba40b63d32:8848","voteFor":"ddba40b63d32:8848","term":101,"leaderDueMs":15868,"heartbeatDueMs":5000,"state":"CANDIDATE"}, term: 101

2020-08-14 09:46:03,152 INFO leader timeout, start voting,leader: {"ip":"ddba40b63d32:8848","voteFor":"ddba40b63d32:8848","term":102,"leaderDueMs":16165,"heartbeatDueMs":5000,"state":"CANDIDATE"}, term: 102

2020-08-14 09:46:19,629 INFO leader timeout, start voting,leader: {"ip":"ddba40b63d32:8848","voteFor":"ddba40b63d32:8848","term":103,"leaderDueMs":19935,"heartbeatDueMs":5000,"state":"CANDIDATE"}, term: 103

2020-08-14 09:46:39,630 INFO leader timeout, start voting,leader: {"ip":"ddba40b63d32:8848","voteFor":"ddba40b63d32:8848","term":104,"leaderDueMs":15706,"heartbeatDueMs":5000,"state":"CANDIDATE"}, term: 104

2020-08-14 09:46:55,607 INFO leader timeout, start voting,leader: {"ip":"ddba40b63d32:8848","voteFor":"ddba40b63d32:8848","term":105,"leaderDueMs":19196,"heartbeatDueMs":5000,"state":"CANDIDATE"}, term: 105

2020-08-14 09:47:15,085 INFO leader timeout, start voting,leader: {"ip":"ddba40b63d32:8848","voteFor":"ddba40b63d32:8848","term":106,"leaderDueMs":19754,"heartbeatDueMs":5000,"state":"CANDIDATE"}, term: 106

2020-08-14 09:47:35,085 INFO leader timeout, start voting,leader: {"ip":"ddba40b63d32:8848","voteFor":"ddba40b63d32:8848","term":107,"leaderDueMs":19076,"heartbeatDueMs":5000,"state":"CANDIDATE"}, term: 107

2020-08-14 09:47:54,562 INFO leader timeout, start voting,leader: {"ip":"ddba40b63d32:8848","voteFor":"ddba40b63d32:8848","term":108,"leaderDueMs":15100,"heartbeatDueMs":5000,"state":"CANDIDATE"}, term: 108

2020-08-14 09:48:10,040 INFO leader timeout, start voting,leader: {"ip":"ddba40b63d32:8848","voteFor":"ddba40b63d32:8848","term":109,"leaderDueMs":18376,"heartbeatDueMs":5000,"state":"CANDIDATE"}, term: 109

2020-08-14 09:48:28,540 INFO leader timeout, start voting,leader: {"ip":"ddba40b63d32:8848","voteFor":"ddba40b63d32:8848","term":110,"leaderDueMs":17256,"heartbeatDueMs":5000,"state":"CANDIDATE"}, term: 110

2020-08-14 09:48:46,017 INFO leader timeout, start voting,leader: {"ip":"ddba40b63d32:8848","voteFor":"ddba40b63d32:8848","term":111,"leaderDueMs":16303,"heartbeatDueMs":5000,"state":"CANDIDATE"}, term: 111

2020-08-14 09:49:02,517 INFO leader timeout, start voting,leader: {"ip":"ddba40b63d32:8848","voteFor":"ddba40b63d32:8848","term":112,"leaderDueMs":18368,"heartbeatDueMs":5000,"state":"CANDIDATE"}, term: 112

2020-08-14 09:49:20,995 INFO leader timeout, start voting,leader: {"ip":"ddba40b63d32:8848","voteFor":"ddba40b63d32:8848","term":113,"leaderDueMs":18135,"heartbeatDueMs":5000,"state":"CANDIDATE"}, term: 113

2020-08-14 09:49:39,495 INFO leader timeout, start voting,leader: {"ip":"ddba40b63d32:8848","voteFor":"ddba40b63d32:8848","term":114,"leaderDueMs":17325,"heartbeatDueMs":5000,"state":"CANDIDATE"}, term: 114

2020-08-14 09:49:56,973 INFO leader timeout, start voting,leader: {"ip":"ddba40b63d32:8848","voteFor":"ddba40b63d32:8848","term":115,"leaderDueMs":19447,"heartbeatDueMs":5000,"state":"CANDIDATE"}, term: 115

2020-08-14 09:50:16,450 INFO leader timeout, start voting,leader: {"ip":"ddba40b63d32:8848","voteFor":"ddba40b63d32:8848","term":116,"leaderDueMs":19864,"heartbeatDueMs":5000,"state":"CANDIDATE"}, term: 116

2020-08-14 09:50:36,450 INFO leader timeout, start voting,leader: {"ip":"ddba40b63d32:8848","voteFor":"ddba40b63d32:8848","term":117,"leaderDueMs":16452,"heartbeatDueMs":5000,"state":"CANDIDATE"}, term: 117

2020-08-14 09:50:52,927 INFO leader timeout, start voting,leader: {"ip":"ddba40b63d32:8848","voteFor":"ddba40b63d32:8848","term":118,"leaderDueMs":15383,"heartbeatDueMs":5000,"state":"CANDIDATE"}, term: 118

2020-08-14 09:51:08,428 INFO leader timeout, start voting,leader: {"ip":"ddba40b63d32:8848","voteFor":"ddba40b63d32:8848","term":119,"leaderDueMs":18240,"heartbeatDueMs":5000,"state":"CANDIDATE"}, term: 119

2020-08-14 09:51:26,905 INFO leader timeout, start voting,leader: {"ip":"ddba40b63d32:8848","voteFor":"ddba40b63d32:8848","term":120,"leaderDueMs":17855,"heartbeatDueMs":5000,"state":"CANDIDATE"}, term: 120

2020-08-14 09:51:44,883 INFO leader timeout, start voting,leader: {"ip":"ddba40b63d32:8848","voteFor":"ddba40b63d32:8848","term":121,"leaderDueMs":16388,"heartbeatDueMs":5000,"state":"CANDIDATE"}, term: 121

2020-08-14 09:52:01,382 INFO leader timeout, start voting,leader: {"ip":"ddba40b63d32:8848","voteFor":"ddba40b63d32:8848","term":122,"leaderDueMs":18098,"heartbeatDueMs":5000,"state":"CANDIDATE"}, term: 122

2020-08-14 09:52:19,860 INFO leader timeout, start voting,leader: {"ip":"ddba40b63d32:8848","voteFor":"ddba40b63d32:8848","term":123,"leaderDueMs":17690,"heartbeatDueMs":5000,"state":"CANDIDATE"}, term: 123

2020-08-14 09:52:37,860 INFO leader timeout, start voting,leader: {"ip":"ddba40b63d32:8848","voteFor":"ddba40b63d32:8848","term":124,"leaderDueMs":17325,"heartbeatDueMs":5000,"state":"CANDIDATE"}, term: 124

2020-08-14 09:52:55,338 INFO leader timeout, start voting,leader: {"ip":"ddba40b63d32:8848","voteFor":"ddba40b63d32:8848","term":125,"leaderDueMs":15166,"heartbeatDueMs":5000,"state":"CANDIDATE"}, term: 125

2020-08-14 09:53:10,816 INFO leader timeout, start voting,leader: {"ip":"ddba40b63d32:8848","voteFor":"ddba40b63d32:8848","term":126,"leaderDueMs":18596,"heartbeatDueMs":5000,"state":"CANDIDATE"}, term: 126

2020-08-14 09:53:29,816 INFO leader timeout, start voting,leader: {"ip":"ddba40b63d32:8848","voteFor":"ddba40b63d32:8848","term":127,"leaderDueMs":15304,"heartbeatDueMs":5000,"state":"CANDIDATE"}, term: 127

2020-08-14 09:53:45,293 INFO leader timeout, start voting,leader: {"ip":"ddba40b63d32:8848","voteFor":"ddba40b63d32:8848","term":128,"leaderDueMs":18744,"heartbeatDueMs":5000,"state":"CANDIDATE"}, term: 128

2020-08-14 09:54:04,293 INFO leader timeout, start voting,leader: {"ip":"ddba40b63d32:8848","voteFor":"ddba40b63d32:8848","term":129,"leaderDueMs":16944,"heartbeatDueMs":5000,"state":"CANDIDATE"}, term: 129

2020-08-14 09:54:06,468 INFO add listener: com.alibaba.nacos.naming.iplist.public##DEFAULT_GROUP@@stats

2020-08-14 09:54:21,270 INFO leader timeout, start voting,leader: {"ip":"ddba40b63d32:8848","voteFor":"ddba40b63d32:8848","term":130,"leaderDueMs":18646,"heartbeatDueMs":5000,"state":"CANDIDATE"}, term: 130

2020-08-14 09:54:40,248 INFO leader timeout, start voting,leader: {"ip":"ddba40b63d32:8848","voteFor":"ddba40b63d32:8848","term":131,"leaderDueMs":19490,"heartbeatDueMs":5000,"state":"CANDIDATE"}, term: 131

2020-08-14 09:54:59,748 INFO leader timeout, start voting,leader: {"ip":"ddba40b63d32:8848","voteFor":"ddba40b63d32:8848","term":132,"leaderDueMs":15792,"heartbeatDueMs":5000,"state":"CANDIDATE"}, term: 132

2020-08-14 09:55:15,731 INFO leader timeout, start voting,leader: {"ip":"ddba40b63d32:8848","voteFor":"ddba40b63d32:8848","term":133,"leaderDueMs":18069,"heartbeatDueMs":5000,"state":"CANDIDATE"}, term: 133

2020-08-14 09:55:34,226 INFO leader timeout, start voting,leader: {"ip":"ddba40b63d32:8848","voteFor":"ddba40b63d32:8848","term":134,"leaderDueMs":15482,"heartbeatDueMs":5000,"state":"CANDIDATE"}, term: 134

2020-08-14 09:55:34,277 INFO add listener: com.alibaba.nacos.naming.iplist.public##DEFAULT_GROUP@@upms

2020-08-14 09:55:49,703 INFO leader timeout, start voting,leader: {"ip":"ddba40b63d32:8848","voteFor":"ddba40b63d32:8848","term":135,"leaderDueMs":18200,"heartbeatDueMs":5000,"state":"CANDIDATE"}, term: 135

2020-08-14 09:56:08,203 INFO leader timeout, start voting,leader: {"ip":"ddba40b63d32:8848","voteFor":"ddba40b63d32:8848","term":136,"leaderDueMs":15395,"heartbeatDueMs":5000,"state":"CANDIDATE"}, term: 136

2020-08-14 09:56:19,203 INFO add listener: com.alibaba.nacos.naming.iplist.public##DEFAULT_GROUP@@course-class

2020-08-14 09:56:23,681 INFO leader timeout, start voting,leader: {"ip":"ddba40b63d32:8848","voteFor":"ddba40b63d32:8848","term":137,"leaderDueMs":17223,"heartbeatDueMs":5000,"state":"CANDIDATE"}, term: 137

2020-08-14 09:56:41,158 INFO leader timeout, start voting,leader: {"ip":"ddba40b63d32:8848","voteFor":"ddba40b63d32:8848","term":138,"leaderDueMs":19858,"heartbeatDueMs":5000,"state":"CANDIDATE"}, term: 138

2020-08-14 09:56:43,587 INFO add listener: com.alibaba.nacos.naming.iplist.public##DEFAULT_GROUP@@gateway

2020-08-14 09:57:01,158 INFO leader timeout, start voting,leader: {"ip":"ddba40b63d32:8848","voteFor":"ddba40b63d32:8848","term":139,"leaderDueMs":18025,"heartbeatDueMs":5000,"state":"CANDIDATE"}, term: 139

2020-08-14 09:57:19,636 INFO leader timeout, start voting,leader: {"ip":"ddba40b63d32:8848","voteFor":"ddba40b63d32:8848","term":140,"leaderDueMs":15187,"heartbeatDueMs":5000,"state":"CANDIDATE"}, term: 140

2020-08-14 09:57:35,136 INFO leader timeout, start voting,leader: {"ip":"ddba40b63d32:8848","voteFor":"ddba40b63d32:8848","term":141,"leaderDueMs":19532,"heartbeatDueMs":5000,"state":"CANDIDATE"}, term: 141

2020-08-14 09:57:55,114 INFO leader timeout, start voting,leader: {"ip":"ddba40b63d32:8848","voteFor":"ddba40b63d32:8848","term":142,"leaderDueMs":17068,"heartbeatDueMs":5000,"state":"CANDIDATE"}, term: 142

2020-08-14 09:58:12,591 INFO leader timeout, start voting,leader: {"ip":"ddba40b63d32:8848","voteFor":"ddba40b63d32:8848","term":143,"leaderDueMs":16315,"heartbeatDueMs":5000,"state":"CANDIDATE"}, term: 143

2020-08-14 09:58:29,091 INFO leader timeout, start voting,leader: {"ip":"ddba40b63d32:8848","voteFor":"ddba40b63d32:8848","term":144,"leaderDueMs":15237,"heartbeatDueMs":5000,"state":"CANDIDATE"}, term: 144

2020-08-14 09:58:44,569 INFO leader timeout, start voting,leader: {"ip":"ddba40b63d32:8848","voteFor":"ddba40b63d32:8848","term":145,"leaderDueMs":18653,"heartbeatDueMs":5000,"state":"CANDIDATE"}, term: 145

2020-08-14 09:59:03,569 INFO leader timeout, start voting,leader: {"ip":"ddba40b63d32:8848","voteFor":"ddba40b63d32:8848","term":146,"leaderDueMs":19036,"heartbeatDueMs":5000,"state":"CANDIDATE"}, term: 146

2020-08-14 09:59:23,046 INFO leader timeout, start voting,leader: {"ip":"ddba40b63d32:8848","voteFor":"ddba40b63d32:8848","term":147,"leaderDueMs":15766,"heartbeatDueMs":5000,"state":"CANDIDATE"}, term: 147

2020-08-14 09:59:39,046 INFO leader timeout, start voting,leader: {"ip":"ddba40b63d32:8848","voteFor":"ddba40b63d32:8848","term":148,"leaderDueMs":16574,"heartbeatDueMs":5000,"state":"CANDIDATE"}, term: 148

2020-08-14 09:59:56,024 INFO leader timeout, start voting,leader: {"ip":"ddba40b63d32:8848","voteFor":"ddba40b63d32:8848","term":149,"leaderDueMs":18566,"heartbeatDueMs":5000,"state":"CANDIDATE"}, term: 149

2020-08-14 10:00:15,001 INFO leader timeout, start voting,leader: {"ip":"ddba40b63d32:8848","voteFor":"ddba40b63d32:8848","term":150,"leaderDueMs":15660,"heartbeatDueMs":5000,"state":"CANDIDATE"}, term: 150

2020-08-14 10:00:31,001 INFO leader timeout, start voting,leader: {"ip":"ddba40b63d32:8848","voteFor":"ddba40b63d32:8848","term":151,"leaderDueMs":19585,"heartbeatDueMs":5000,"state":"CANDIDATE"}, term: 151

2020-08-14 10:00:50,979 INFO leader timeout, start voting,leader: {"ip":"ddba40b63d32:8848","voteFor":"ddba40b63d32:8848","term":152,"leaderDueMs":18243,"heartbeatDueMs":5000,"state":"CANDIDATE"}, term: 152

2020-08-14 10:01:09,456 INFO leader timeout, start voting,leader: {"ip":"ddba40b63d32:8848","voteFor":"ddba40b63d32:8848","term":153,"leaderDueMs":18516,"heartbeatDueMs":5000,"state":"CANDIDATE"}, term: 153

2020-08-14 10:01:28,456 INFO leader timeout, start voting,leader: {"ip":"ddba40b63d32:8848","voteFor":"ddba40b63d32:8848","term":154,"leaderDueMs":18444,"heartbeatDueMs":5000,"state":"CANDIDATE"}, term: 154

2020-08-14 10:01:46,934 INFO leader timeout, start voting,leader: {"ip":"ddba40b63d32:8848","voteFor":"ddba40b63d32:8848","term":155,"leaderDueMs":17557,"heartbeatDueMs":5000,"state":"CANDIDATE"}, term: 155

2020-08-14 10:02:04,934 INFO leader timeout, start voting,leader: {"ip":"ddba40b63d32:8848","voteFor":"ddba40b63d32:8848","term":156,"leaderDueMs":16646,"heartbeatDueMs":5000,"state":"CANDIDATE"}, term: 156

2020-08-14 10:02:21,911 INFO leader timeout, start voting,leader: {"ip":"ddba40b63d32:8848","voteFor":"ddba40b63d32:8848","term":157,"leaderDueMs":16125,"heartbeatDueMs":5000,"state":"CANDIDATE"}, term: 157

2020-08-14 10:02:38,411 INFO leader timeout, start voting,leader: {"ip":"ddba40b63d32:8848","voteFor":"ddba40b63d32:8848","term":158,"leaderDueMs":17080,"heartbeatDueMs":5000,"state":"CANDIDATE"}, term: 158

2020-08-14 10:02:55,889 INFO leader timeout, start voting,leader: {"ip":"ddba40b63d32:8848","voteFor":"ddba40b63d32:8848","term":159,"leaderDueMs":15287,"heartbeatDueMs":5000,"state":"CANDIDATE"}, term: 159

2020-08-14 10:03:11,367 INFO leader timeout, start voting,leader: {"ip":"ddba40b63d32:8848","voteFor":"ddba40b63d32:8848","term":160,"leaderDueMs":16532,"heartbeatDueMs":5000,"state":"CANDIDATE"}, term: 160

2020-08-14 10:03:28,366 INFO leader timeout, start voting,leader: {"ip":"ddba40b63d32:8848","voteFor":"ddba40b63d32:8848","term":161,"leaderDueMs":18486,"heartbeatDueMs":5000,"state":"CANDIDATE"}, term: 161

2020-08-14 10:03:46,844 INFO leader timeout, start voting,leader: {"ip":"ddba40b63d32:8848","voteFor":"ddba40b63d32:8848","term":162,"leaderDueMs":17555,"heartbeatDueMs":5000,"state":"CANDIDATE"}, term: 162

2020-08-14 10:04:04,844 INFO leader timeout, start voting,leader: {"ip":"ddba40b63d32:8848","voteFor":"ddba40b63d32:8848","term":163,"leaderDueMs":17733,"heartbeatDueMs":5000,"state":"CANDIDATE"}, term: 163

2020-08-14 10:04:22,822 INFO leader timeout, start voting,leader: {"ip":"ddba40b63d32:8848","voteFor":"ddba40b63d32:8848","term":164,"leaderDueMs":15091,"heartbeatDueMs":5000,"state":"CANDIDATE"}, term: 164

2020-08-14 10:04:38,322 INFO leader timeout, start voting,leader: {"ip":"ddba40b63d32:8848","voteFor":"ddba40b63d32:8848","term":165,"leaderDueMs":16053,"heartbeatDueMs":5000,"state":"CANDIDATE"}, term: 165

2020-08-14 10:04:54,799 INFO leader timeout, start voting,leader: {"ip":"ddba40b63d32:8848","voteFor":"ddba40b63d32:8848","term":166,"leaderDueMs":19824,"heartbeatDueMs":5000,"state":"CANDIDATE"}, term: 166

2020-08-14 10:05:14,777 INFO leader timeout, start voting,leader: {"ip":"ddba40b63d32:8848","voteFor":"ddba40b63d32:8848","term":167,"leaderDueMs":18741,"heartbeatDueMs":5000,"state":"CANDIDATE"}, term: 167

2020-08-14 10:05:33,777 INFO leader timeout, start voting,leader: {"ip":"ddba40b63d32:8848","voteFor":"ddba40b63d32:8848","term":168,"leaderDueMs":15557,"heartbeatDueMs":5000,"state":"CANDIDATE"}, term: 168

2020-08-14 10:05:49,754 INFO leader timeout, start voting,leader: {"ip":"ddba40b63d32:8848","voteFor":"ddba40b63d32:8848","term":169,"leaderDueMs":18160,"heartbeatDueMs":5000,"state":"CANDIDATE"}, term: 169

2020-08-14 10:06:08,254 INFO leader timeout, start voting,leader: {"ip":"ddba40b63d32:8848","voteFor":"ddba40b63d32:8848","term":170,"leaderDueMs":19427,"heartbeatDueMs":5000,"state":"CANDIDATE"}, term: 170

2020-08-14 10:06:27,732 INFO leader timeout, start voting,leader: {"ip":"ddba40b63d32:8848","voteFor":"ddba40b63d32:8848","term":171,"leaderDueMs":15732,"heartbeatDueMs":5000,"state":"CANDIDATE"}, term: 171

2020-08-14 10:06:43,709 INFO leader timeout, start voting,leader: {"ip":"ddba40b63d32:8848","voteFor":"ddba40b63d32:8848","term":172,"leaderDueMs":19969,"heartbeatDueMs":5000,"state":"CANDIDATE"}, term: 172

2020-08-14 10:07:03,709 INFO leader timeout, start voting,leader: {"ip":"ddba40b63d32:8848","voteFor":"ddba40b63d32:8848","term":173,"leaderDueMs":18367,"heartbeatDueMs":5000,"state":"CANDIDATE"}, term: 173

2020-08-14 10:07:22,187 INFO leader timeout, start voting,leader: {"ip":"ddba40b63d32:8848","voteFor":"ddba40b63d32:8848","term":174,"leaderDueMs":15779,"heartbeatDueMs":5000,"state":"CANDIDATE"}, term: 174

2020-08-14 10:07:38,187 INFO leader timeout, start voting,leader: {"ip":"ddba40b63d32:8848","voteFor":"ddba40b63d32:8848","term":175,"leaderDueMs":16181,"heartbeatDueMs":5000,"state":"CANDIDATE"}, term: 175

2020-08-14 10:07:54,665 INFO leader timeout, start voting,leader: {"ip":"ddba40b63d32:8848","voteFor":"ddba40b63d32:8848","term":176,"leaderDueMs":15310,"heartbeatDueMs":5000,"state":"CANDIDATE"}, term: 176

2020-08-14 10:08:10,139 INFO leader timeout, start voting,leader: {"ip":"ddba40b63d32:8848","voteFor":"ddba40b63d32:8848","term":177,"leaderDueMs":19819,"heartbeatDueMs":5000,"state":"CANDIDATE"}, term: 177

2020-08-14 10:08:30,139 INFO leader timeout, start voting,leader: {"ip":"ddba40b63d32:8848","voteFor":"ddba40b63d32:8848","term":178,"leaderDueMs":16994,"heartbeatDueMs":5000,"state":"CANDIDATE"}, term: 178

2020-08-14 10:08:47,106 INFO leader timeout, start voting,leader: {"ip":"ddba40b63d32:8848","voteFor":"ddba40b63d32:8848","term":179,"leaderDueMs":15281,"heartbeatDueMs":5000,"state":"CANDIDATE"}, term: 179

2020-08-14 10:09:02,606 INFO leader timeout, start voting,leader: {"ip":"ddba40b63d32:8848","voteFor":"ddba40b63d32:8848","term":180,"leaderDueMs":18303,"heartbeatDueMs":5000,"state":"CANDIDATE"}, term: 180

2020-08-14 10:09:21,082 INFO leader timeout, start voting,leader: {"ip":"ddba40b63d32:8848","voteFor":"ddba40b63d32:8848","term":181,"leaderDueMs":15449,"heartbeatDueMs":5000,"state":"CANDIDATE"}, term: 181

2020-08-14 10:09:36,581 INFO leader timeout, start voting,leader: {"ip":"ddba40b63d32:8848","voteFor":"ddba40b63d32:8848","term":182,"leaderDueMs":17250,"heartbeatDueMs":5000,"state":"CANDIDATE"}, term: 182

2020-08-14 10:09:54,059 INFO leader timeout, start voting,leader: {"ip":"ddba40b63d32:8848","voteFor":"ddba40b63d32:8848","term":183,"leaderDueMs":17001,"heartbeatDueMs":5000,"state":"CANDIDATE"}, term: 183

2020-08-14 10:10:11,536 INFO leader timeout, start voting,leader: {"ip":"ddba40b63d32:8848","voteFor":"ddba40b63d32:8848","term":184,"leaderDueMs":16544,"heartbeatDueMs":5000,"state":"CANDIDATE"}, term: 184

2020-08-14 10:10:28,536 INFO leader timeout, start voting,leader: {"ip":"ddba40b63d32:8848","voteFor":"ddba40b63d32:8848","term":185,"leaderDueMs":15181,"heartbeatDueMs":5000,"state":"CANDIDATE"}, term: 185

2020-08-14 10:10:44,013 INFO leader timeout, start voting,leader: {"ip":"ddba40b63d32:8848","voteFor":"ddba40b63d32:8848","term":186,"leaderDueMs":17678,"heartbeatDueMs":5000,"state":"CANDIDATE"}, term: 186

2020-08-14 10:11:02,013 INFO leader timeout, start voting,leader: {"ip":"ddba40b63d32:8848","voteFor":"ddba40b63d32:8848","term":187,"leaderDueMs":18777,"heartbeatDueMs":5000,"state":"CANDIDATE"}, term: 187

2020-08-14 10:11:20,990 INFO leader timeout, start voting,leader: {"ip":"ddba40b63d32:8848","voteFor":"ddba40b63d32:8848","term":188,"leaderDueMs":17502,"heartbeatDueMs":5000,"state":"CANDIDATE"}, term: 188

2020-08-14 10:11:38,968 INFO leader timeout, start voting,leader: {"ip":"ddba40b63d32:8848","voteFor":"ddba40b63d32:8848","term":189,"leaderDueMs":17243,"heartbeatDueMs":5000,"state":"CANDIDATE"}, term: 189

2020-08-14 10:11:56,468 INFO leader timeout, start voting,leader: {"ip":"ddba40b63d32:8848","voteFor":"ddba40b63d32:8848","term":190,"leaderDueMs":15683,"heartbeatDueMs":5000,"state":"CANDIDATE"}, term: 190

2020-08-14 10:12:12,446 INFO leader timeout, start voting,leader: {"ip":"ddba40b63d32:8848","voteFor":"ddba40b63d32:8848","term":191,"leaderDueMs":18251,"heartbeatDueMs":5000,"state":"CANDIDATE"}, term: 191

2020-08-14 10:12:30,946 INFO leader timeout, start voting,leader: {"ip":"ddba40b63d32:8848","voteFor":"ddba40b63d32:8848","term":192,"leaderDueMs":17139,"heartbeatDueMs":5000,"state":"CANDIDATE"}, term: 192

2020-08-14 10:12:48,423 INFO leader timeout, start voting,leader: {"ip":"ddba40b63d32:8848","voteFor":"ddba40b63d32:8848","term":193,"leaderDueMs":18333,"heartbeatDueMs":5000,"state":"CANDIDATE"}, term: 193

2020-08-14 10:13:06,923 INFO leader timeout, start voting,leader: {"ip":"ddba40b63d32:8848","voteFor":"ddba40b63d32:8848","term":194,"leaderDueMs":15415,"heartbeatDueMs":5000,"state":"CANDIDATE"}, term: 194

2020-08-14 10:13:22,400 INFO leader timeout, start voting,leader: {"ip":"ddba40b63d32:8848","voteFor":"ddba40b63d32:8848","term":195,"leaderDueMs":18774,"heartbeatDueMs":5000,"state":"CANDIDATE"}, term: 195

2020-08-14 10:13:41,378 INFO leader timeout, start voting,leader: {"ip":"ddba40b63d32:8848","voteFor":"ddba40b63d32:8848","term":196,"leaderDueMs":16564,"heartbeatDueMs":5000,"state":"CANDIDATE"}, term: 196

2020-08-14 10:13:58,378 INFO leader timeout, start voting,leader: {"ip":"ddba40b63d32:8848","voteFor":"ddba40b63d32:8848","term":197,"leaderDueMs":17642,"heartbeatDueMs":5000,"state":"CANDIDATE"}, term: 197

2020-08-14 10:14:16,355 INFO leader timeout, start voting,leader: {"ip":"ddba40b63d32:8848","voteFor":"ddba40b63d32:8848","term":198,"leaderDueMs":18838,"heartbeatDueMs":5000,"state":"CANDIDATE"}, term: 198

2020-08-14 10:14:35,355 INFO leader timeout, start voting,leader: {"ip":"ddba40b63d32:8848","voteFor":"ddba40b63d32:8848","term":199,"leaderDueMs":18897,"heartbeatDueMs":5000,"state":"CANDIDATE"}, term: 199

2020-08-14 10:14:54,333 INFO leader timeout, start voting,leader: {"ip":"ddba40b63d32:8848","voteFor":"ddba40b63d32:8848","term":200,"leaderDueMs":18174,"heartbeatDueMs":5000,"state":"CANDIDATE"}, term: 200

2020-08-14 10:15:12,810 INFO leader timeout, start voting,leader: {"ip":"ddba40b63d32:8848","voteFor":"ddba40b63d32:8848","term":201,"leaderDueMs":17698,"heartbeatDueMs":5000,"state":"CANDIDATE"}, term: 201

2020-08-14 10:15:30,810 INFO leader timeout, start voting,leader: {"ip":"ddba40b63d32:8848","voteFor":"ddba40b63d32:8848","term":202,"leaderDueMs":17467,"heartbeatDueMs":5000,"state":"CANDIDATE"}, term: 202

2020-08-14 10:15:48,287 INFO leader timeout, start voting,leader: {"ip":"ddba40b63d32:8848","voteFor":"ddba40b63d32:8848","term":203,"leaderDueMs":19702,"heartbeatDueMs":5000,"state":"CANDIDATE"}, term: 203

2020-08-14 10:16:08,287 INFO leader timeout, start voting,leader: {"ip":"ddba40b63d32:8848","voteFor":"ddba40b63d32:8848","term":204,"leaderDueMs":17208,"heartbeatDueMs":5000,"state":"CANDIDATE"}, term: 204

2020-08-14 10:16:25,765 INFO leader timeout, start voting,leader: {"ip":"ddba40b63d32:8848","voteFor":"ddba40b63d32:8848","term":205,"leaderDueMs":15551,"heartbeatDueMs":5000,"state":"CANDIDATE"}, term: 205

2020-08-14 10:16:41,742 INFO leader timeout, start voting,leader: {"ip":"ddba40b63d32:8848","voteFor":"ddba40b63d32:8848","term":206,"leaderDueMs":19392,"heartbeatDueMs":5000,"state":"CANDIDATE"}, term: 206

2020-08-14 10:17:01,242 INFO leader timeout, start voting,leader: {"ip":"ddba40b63d32:8848","voteFor":"ddba40b63d32:8848","term":207,"leaderDueMs":17605,"heartbeatDueMs":5000,"state":"CANDIDATE"}, term: 207

2020-08-14 10:17:19,219 INFO leader timeout, start voting,leader: {"ip":"ddba40b63d32:8848","voteFor":"ddba40b63d32:8848","term":208,"leaderDueMs":15485,"heartbeatDueMs":5000,"state":"CANDIDATE"}, term: 208

2020-08-14 10:17:34,719 INFO leader timeout, start voting,leader: {"ip":"ddba40b63d32:8848","voteFor":"ddba40b63d32:8848","term":209,"leaderDueMs":16110,"heartbeatDueMs":5000,"state":"CANDIDATE"}, term: 209

2020-08-14 10:17:51,197 INFO leader timeout, start voting,leader: {"ip":"ddba40b63d32:8848","voteFor":"ddba40b63d32:8848","term":210,"leaderDueMs":19626,"heartbeatDueMs":5000,"state":"CANDIDATE"}, term: 210

2020-08-14 10:18:11,174 INFO leader timeout, start voting,leader: {"ip":"ddba40b63d32:8848","voteFor":"ddba40b63d32:8848","term":211,"leaderDueMs":19235,"heartbeatDueMs":5000,"state":"CANDIDATE"}, term: 211

2020-08-14 10:18:30,674 INFO leader timeout, start voting,leader: {"ip":"ddba40b63d32:8848","voteFor":"ddba40b63d32:8848","term":212,"leaderDueMs":16382,"heartbeatDueMs":5000,"state":"CANDIDATE"}, term: 212

2020-08-14 10:18:47,151 INFO leader timeout, start voting,leader: {"ip":"ddba40b63d32:8848","voteFor":"ddba40b63d32:8848","term":213,"leaderDueMs":15305,"heartbeatDueMs":5000,"state":"CANDIDATE"}, term: 213

2020-08-14 10:19:02,652 INFO leader timeout, start voting,leader: {"ip":"ddba40b63d32:8848","voteFor":"ddba40b63d32:8848","term":214,"leaderDueMs":19206,"heartbeatDueMs":5000,"state":"CANDIDATE"}, term: 214

2020-08-14 10:19:22,129 INFO leader timeout, start voting,leader: {"ip":"ddba40b63d32:8848","voteFor":"ddba40b63d32:8848","term":215,"leaderDueMs":19090,"heartbeatDueMs":5000,"state":"CANDIDATE"}, term: 215

2020-08-14 10:19:41,606 INFO leader timeout, start voting,leader: {"ip":"ddba40b63d32:8848","voteFor":"ddba40b63d32:8848","term":216,"leaderDueMs":18784,"heartbeatDueMs":5000,"state":"CANDIDATE"}, term: 216

2020-08-14 10:20:00,607 INFO leader timeout, start voting,leader: {"ip":"ddba40b63d32:8848","voteFor":"ddba40b63d32:8848","term":217,"leaderDueMs":19326,"heartbeatDueMs":5000,"state":"CANDIDATE"}, term: 217

2020-08-14 10:20:20,084 INFO leader timeout, start voting,leader: {"ip":"ddba40b63d32:8848","voteFor":"ddba40b63d32:8848","term":218,"leaderDueMs":19670,"heartbeatDueMs":5000,"state":"CANDIDATE"}, term: 218

2020-08-14 10:20:40,061 INFO leader timeout, start voting,leader: {"ip":"ddba40b63d32:8848","voteFor":"ddba40b63d32:8848","term":219,"leaderDueMs":19927,"heartbeatDueMs":5000,"state":"CANDIDATE"}, term: 219

2020-08-14 10:21:00,061 INFO leader timeout, start voting,leader: {"ip":"ddba40b63d32:8848","voteFor":"ddba40b63d32:8848","term":220,"leaderDueMs":17811,"heartbeatDueMs":5000,"state":"CANDIDATE"}, term: 220

2020-08-14 10:21:18,038 INFO leader timeout, start voting,leader: {"ip":"ddba40b63d32:8848","voteFor":"ddba40b63d32:8848","term":221,"leaderDueMs":17421,"heartbeatDueMs":5000,"state":"CANDIDATE"}, term: 221

2020-08-14 10:21:35,538 INFO leader timeout, start voting,leader: {"ip":"ddba40b63d32:8848","voteFor":"ddba40b63d32:8848","term":222,"leaderDueMs":19757,"heartbeatDueMs":5000,"state":"CANDIDATE"}, term: 222

2020-08-14 10:21:55,516 INFO leader timeout, start voting,leader: {"ip":"ddba40b63d32:8848","voteFor":"ddba40b63d32:8848","term":223,"leaderDueMs":15278,"heartbeatDueMs":5000,"state":"CANDIDATE"}, term: 223

2020-08-14 10:22:10,993 INFO leader timeout, start voting,leader: {"ip":"ddba40b63d32:8848","voteFor":"ddba40b63d32:8848","term":224,"leaderDueMs":16622,"heartbeatDueMs":5000,"state":"CANDIDATE"}, term: 224

2020-08-14 10:22:27,993 INFO leader timeout, start voting,leader: {"ip":"ddba40b63d32:8848","voteFor":"ddba40b63d32:8848","term":225,"leaderDueMs":19562,"heartbeatDueMs":5000,"state":"CANDIDATE"}, term: 225

2020-08-14 10:22:47,971 INFO leader timeout, start voting,leader: {"ip":"ddba40b63d32:8848","voteFor":"ddba40b63d32:8848","term":226,"leaderDueMs":15197,"heartbeatDueMs":5000,"state":"CANDIDATE"}, term: 226

2020-08-14 10:23:03,471 INFO leader timeout, start voting,leader: {"ip":"ddba40b63d32:8848","voteFor":"ddba40b63d32:8848","term":227,"leaderDueMs":18036,"heartbeatDueMs":5000,"state":"CANDIDATE"}, term: 227

2020-08-14 10:23:21,948 INFO leader timeout, start voting,leader: {"ip":"ddba40b63d32:8848","voteFor":"ddba40b63d32:8848","term":228,"leaderDueMs":16510,"heartbeatDueMs":5000,"state":"CANDIDATE"}, term: 228

2020-08-14 10:23:38,925 INFO leader timeout, start voting,leader: {"ip":"ddba40b63d32:8848","voteFor":"ddba40b63d32:8848","term":229,"leaderDueMs":16878,"heartbeatDueMs":5000,"state":"CANDIDATE"}, term: 229

2020-08-14 10:23:55,926 INFO leader timeout, start voting,leader: {"ip":"ddba40b63d32:8848","voteFor":"ddba40b63d32:8848","term":230,"leaderDueMs":15458,"heartbeatDueMs":5000,"state":"CANDIDATE"}, term: 230

2020-08-14 10:24:11,403 INFO leader timeout, start voting,leader: {"ip":"ddba40b63d32:8848","voteFor":"ddba40b63d32:8848","term":231,"leaderDueMs":18815,"heartbeatDueMs":5000,"state":"CANDIDATE"}, term: 231

2020-08-14 10:24:30,403 INFO leader timeout, start voting,leader: {"ip":"ddba40b63d32:8848","voteFor":"ddba40b63d32:8848","term":232,"leaderDueMs":16751,"heartbeatDueMs":5000,"state":"CANDIDATE"}, term: 232

2020-08-14 10:24:47,380 INFO leader timeout, start voting,leader: {"ip":"ddba40b63d32:8848","voteFor":"ddba40b63d32:8848","term":233,"leaderDueMs":16881,"heartbeatDueMs":5000,"state":"CANDIDATE"}, term: 233

2020-08-14 10:25:04,380 INFO leader timeout, start voting,leader: {"ip":"ddba40b63d32:8848","voteFor":"ddba40b63d32:8848","term":234,"leaderDueMs":18188,"heartbeatDueMs":5000,"state":"CANDIDATE"}, term: 234

2020-08-14 10:25:22,857 INFO leader timeout, start voting,leader: {"ip":"ddba40b63d32:8848","voteFor":"ddba40b63d32:8848","term":235,"leaderDueMs":17654,"heartbeatDueMs":5000,"state":"CANDIDATE"}, term: 235

2020-08-14 10:25:40,835 INFO leader timeout, start voting,leader: {"ip":"ddba40b63d32:8848","voteFor":"ddba40b63d32:8848","term":236,"leaderDueMs":16453,"heartbeatDueMs":5000,"state":"CANDIDATE"}, term: 236

2020-08-14 10:25:57,335 INFO leader timeout, start voting,leader: {"ip":"ddba40b63d32:8848","voteFor":"ddba40b63d32:8848","term":237,"leaderDueMs":17388,"heartbeatDueMs":5000,"state":"CANDIDATE"}, term: 237

2020-08-14 10:26:14,812 INFO leader timeout, start voting,leader: {"ip":"ddba40b63d32:8848","voteFor":"ddba40b63d32:8848","term":238,"leaderDueMs":17871,"heartbeatDueMs":5000,"state":"CANDIDATE"}, term: 238

2020-08-14 10:26:32,812 INFO leader timeout, start voting,leader: {"ip":"ddba40b63d32:8848","voteFor":"ddba40b63d32:8848","term":239,"leaderDueMs":17682,"heartbeatDueMs":5000,"state":"CANDIDATE"}, term: 239

