
         ,--.
       ,--.'|
   ,--,:  : |                                           Nacos 1.3.1
,`--.'`|  ' :                       ,---.               Running in stand alone mode, All function modules
|   :  :  | |                      '   ,'\   .--.--.    Port: 8848
:   |   \ | :  ,--.--.     ,---.  /   /   | /  /    '   Pid: 25
|   : '  '; | /       \   /     \.   ; ,. :|  :  /`./   Console: http://ddba40b63d32:8848/nacos/index.html
'   ' ;.    ;.--.  .-. | /    / ''   | |: :|  :  ;_
|   | | \   | \__\/: . ..    ' / '   | .; : \  \    `.      https://nacos.io
'   : |  ; .' ," .--.; |'   ; :__|   :    |  `----.   \
|   | '`--'  /  /  ,.  |'   | '.'|\   \  /  /  /`--'  /
'   : |     ;  :   .'   \   :    : `----'  '--'.     /
;   |.'     |  ,     .-./\   \  /            `--'---'
'---'        `--`---'     `----'

2020-08-14 09:16:03,224 INFO Bean 'org.springframework.security.config.annotation.configuration.ObjectPostProcessorConfiguration' of type [org.springframework.security.config.annotation.configuration.ObjectPostProcessorConfiguration$$EnhancerBySpringCGLIB$$698ec48c] is not eligible for getting processed by all BeanPostProcessors (for example: not eligible for auto-proxying)

2020-08-14 09:16:03,374 INFO Bean 'objectPostProcessor' of type [org.springframework.security.config.annotation.configuration.AutowireBeanFactoryObjectPostProcessor] is not eligible for getting processed by all BeanPostProcessors (for example: not eligible for auto-proxying)

2020-08-14 09:16:03,380 INFO Bean 'org.springframework.security.access.expression.method.DefaultMethodSecurityExpressionHandler@147a5d08' of type [org.springframework.security.access.expression.method.DefaultMethodSecurityExpressionHandler] is not eligible for getting processed by all BeanPostProcessors (for example: not eligible for auto-proxying)

2020-08-14 09:16:03,382 INFO Bean 'org.springframework.security.config.annotation.method.configuration.GlobalMethodSecurityConfiguration' of type [org.springframework.security.config.annotation.method.configuration.GlobalMethodSecurityConfiguration$$EnhancerBySpringCGLIB$$8e63673e] is not eligible for getting processed by all BeanPostProcessors (for example: not eligible for auto-proxying)

2020-08-14 09:16:03,391 INFO Bean 'methodSecurityMetadataSource' of type [org.springframework.security.access.method.DelegatingMethodSecurityMetadataSource] is not eligible for getting processed by all BeanPostProcessors (for example: not eligible for auto-proxying)

2020-08-14 09:16:04,034 INFO Tomcat initialized with port(s): 8848 (http)

2020-08-14 09:16:04,249 INFO Root WebApplicationContext: initialization completed in 6368 ms

2020-08-14 09:16:09,081 INFO Initializing ExecutorService 'applicationTaskExecutor'

2020-08-14 09:16:09,364 INFO Adding welcome page: class path resource [static/index.html]

2020-08-14 09:16:09,834 INFO Creating filter chain: Ant [pattern='/**'], []

2020-08-14 09:16:09,882 INFO Creating filter chain: any request, [org.springframework.security.web.context.request.async.WebAsyncManagerIntegrationFilter@66971f6b, org.springframework.security.web.context.SecurityContextPersistenceFilter@5dcbb60, org.springframework.security.web.header.HeaderWriterFilter@7de0c6ae, org.springframework.security.web.csrf.CsrfFilter@372ea2bc, org.springframework.security.web.authentication.logout.LogoutFilter@1601e47, org.springframework.security.web.savedrequest.RequestCacheAwareFilter@21526f6c, org.springframework.security.web.servletapi.SecurityContextHolderAwareRequestFilter@5471388b, org.springframework.security.web.authentication.AnonymousAuthenticationFilter@50687efb, org.springframework.security.web.session.SessionManagementFilter@cdc3aae, org.springframework.security.web.access.ExceptionTranslationFilter@2f08c4b]

2020-08-14 09:16:09,999 INFO Exposing 2 endpoint(s) beneath base path '/actuator'

2020-08-14 09:16:10,035 INFO Initializing ExecutorService 'taskScheduler'

2020-08-14 09:16:10,198 INFO Tomcat started on port(s): 8848 (http) with context path '/nacos'

2020-08-14 09:16:10,206 INFO Nacos Log files: /home/nacos/logs

2020-08-14 09:16:10,211 INFO Nacos Log files: /home/nacos/conf

2020-08-14 09:16:10,212 INFO Nacos Log files: /home/nacos/data

2020-08-14 09:16:10,214 INFO Nacos started successfully in stand alone mode. use embedded storage

2020-08-14 09:53:57,416 INFO Initializing Servlet 'dispatcherServlet'

2020-08-14 09:53:57,435 INFO Completed initialization in 18 ms

