2021-10-21 11:26:36,398 INFO notifyConnectTimeout:200

2021-10-21 11:26:36,409 INFO notifySocketTimeout:8000

2021-10-21 11:26:36,410 INFO isHealthCheck:true

2021-10-21 11:26:36,411 INFO maxHealthCheckFailCount:12

2021-10-21 11:26:36,417 INFO maxContent:10485760

2021-10-21 11:26:36,418 INFO spring.datasource.platform:""

2021-10-21 11:26:43,599 INFO use local db service for init

2021-10-21 11:26:45,676 WARN Lexical error at line 4, column 66.  Encountered: <EOF> after : "".

2021-10-21 11:26:45,684 WARN Syntax error: Encountered "*" at line 1, column 1.

2021-10-21 11:26:46,739 WARN Lexical error at line 4, column 13.  Encountered: "`" (96), after : "".

2021-10-21 11:26:46,741 WARN Lexical error at line 1, column 13.  Encountered: "`" (96), after : "".

2021-10-21 11:26:46,742 WARN Lexical error at line 1, column 13.  Encountered: "`" (96), after : "".

2021-10-21 11:26:46,743 WARN Lexical error at line 1, column 13.  Encountered: "`" (96), after : "".

2021-10-21 11:26:46,744 INFO use StandaloneDatabaseOperateImpl

2021-10-21 11:26:48,231 WARN DumpService start

2021-10-21 11:26:48,235 INFO start clear all config-info.

2021-10-21 11:26:48,238 WARN clear all config-info failed.

2021-10-21 11:26:48,240 WARN clear all config-info-tenant failed.

2021-10-21 11:26:48,315 INFO start clear all config-info-beta.

2021-10-21 11:26:48,317 WARN clear all config-info-beta failed.

2021-10-21 11:26:48,320 WARN clear all config-info-beta-tenant failed.

2021-10-21 11:26:48,588 INFO start clear all config-info-tag.

2021-10-21 11:26:48,590 WARN clear all config-info-tag failed.

2021-10-21 11:26:48,592 WARN clear all config-info-tag-tenant failed.

