2021-10-21 11:26:36,442 INFO Starting Nacos v1.4.1 on 7b8b4d0c685b with PID 26 (/home/nacos/target/nacos-server.jar started by root in /home/nacos)

2021-10-21 11:26:36,449 INFO The following profiles are active: standalone

2021-10-21 11:26:42,313 INFO Bean 'org.springframework.security.access.expression.method.DefaultMethodSecurityExpressionHandler@50dfbc58' of type [org.springframework.security.access.expression.method.DefaultMethodSecurityExpressionHandler] is not eligible for getting processed by all BeanPostProcessors (for example: not eligible for auto-proxying)

2021-10-21 11:26:42,325 INFO Bean 'methodSecurityMetadataSource' of type [org.springframework.security.access.method.DelegatingMethodSecurityMetadataSource] is not eligible for getting processed by all BeanPostProcessors (for example: not eligible for auto-proxying)

2021-10-21 11:26:42,792 INFO Tomcat initialized with port(s): 8848 (http)

2021-10-21 11:26:42,857 INFO Starting service [Tomcat]

2021-10-21 11:26:42,860 INFO Starting Servlet engine: [Apache Tomcat/9.0.38]

2021-10-21 11:26:43,190 INFO At least one JAR was scanned for TLDs yet contained no TLDs. Enable debug logging for this logger for a complete list of JARs that were scanned but no TLDs were found in them. Skipping unneeded JARs during scanning can improve startup time and JSP compilation time.

2021-10-21 11:26:43,257 INFO Initializing Spring embedded WebApplicationContext

2021-10-21 11:26:43,259 INFO Root WebApplicationContext: initialization completed in 6391 ms

2021-10-21 11:26:43,913 INFO HikariPool-1 - Starting...

2021-10-21 11:26:43,922 WARN Registered driver with driverClassName=org.apache.derby.jdbc.EmbeddedDriver was not found, trying direct instantiation.

2021-10-21 11:26:45,528 INFO HikariPool-1 - Driver does not support get/set network timeout for connections. (Feature not implemented: No details.)

2021-10-21 11:26:45,533 INFO HikariPool-1 - Start completed.

2021-10-21 11:26:47,252 INFO Nacos-related cluster resource initialization

2021-10-21 11:26:47,272 INFO The cluster resource is initialized

2021-10-21 11:26:47,889 INFO Reflections took 52 ms to scan 1 urls, producing 4 keys and 6 values 

2021-10-21 11:26:47,924 INFO Reflections took 5 ms to scan 1 urls, producing 6 keys and 26 values 

2021-10-21 11:26:47,944 INFO Reflections took 4 ms to scan 1 urls, producing 3 keys and 15 values 

2021-10-21 11:26:47,955 INFO Reflections took 1 ms to scan 1 urls, producing 2 keys and 12 values 

2021-10-21 11:26:49,018 INFO Initializing ExecutorService 'applicationTaskExecutor'

2021-10-21 11:26:49,175 INFO Adding welcome page: class path resource [static/index.html]

2021-10-21 11:26:49,625 INFO Creating filter chain: Ant [pattern='/**'], []

2021-10-21 11:26:49,660 INFO Creating filter chain: any request, [org.springframework.security.web.context.request.async.WebAsyncManagerIntegrationFilter@287f94b1, org.springframework.security.web.context.SecurityContextPersistenceFilter@2e8ab815, org.springframework.security.web.header.HeaderWriterFilter@f31c0c6, org.springframework.security.web.csrf.CsrfFilter@263f04ca, org.springframework.security.web.authentication.logout.LogoutFilter@5c77053b, org.springframework.security.web.savedrequest.RequestCacheAwareFilter@d1f74b8, org.springframework.security.web.servletapi.SecurityContextHolderAwareRequestFilter@21a5fd96, org.springframework.security.web.authentication.AnonymousAuthenticationFilter@30b34287, org.springframework.security.web.session.SessionManagementFilter@4a9419d7, org.springframework.security.web.access.ExceptionTranslationFilter@5a021cb9]

2021-10-21 11:26:49,771 INFO Initializing ExecutorService 'taskScheduler'

2021-10-21 11:26:49,803 INFO Exposing 2 endpoint(s) beneath base path '/actuator'

2021-10-21 11:26:49,930 INFO Tomcat started on port(s): 8848 (http) with context path '/nacos'

2021-10-21 11:26:49,938 INFO Started Nacos in 16.679 seconds (JVM running for 19.035)

2021-10-21 11:26:49,939 INFO Nacos started successfully in stand alone mode. use embedded storage

2021-10-21 11:31:46,003 INFO A cookie header was received [1634721678,1634729262,1634739417] that contained an invalid cookie. That cookie will be ignored.
 Note: further occurrences of this error will be logged at DEBUG level.

2021-10-21 11:31:46,017 INFO Initializing Spring DispatcherServlet 'dispatcherServlet'

2021-10-21 11:31:46,018 INFO Initializing Servlet 'dispatcherServlet'

2021-10-21 11:31:46,035 INFO Completed initialization in 14 ms

2021-10-21 11:36:47,707 INFO [capacityManagement] start correct usage

2021-10-21 11:36:47,724 INFO [capacityManagement] end correct usage, cost: 0s

2021-10-21 11:36:48,192 WARN clearConfigHistory start

2021-10-21 11:46:47,282 INFO [capacityManagement] start correct usage

2021-10-21 11:46:47,286 INFO [capacityManagement] end correct usage, cost: 0s

2021-10-21 11:46:47,760 WARN clearConfigHistory start

2021-10-21 11:56:46,844 INFO [capacityManagement] start correct usage

2021-10-21 11:56:46,848 INFO [capacityManagement] end correct usage, cost: 0s

2021-10-21 11:56:47,320 WARN clearConfigHistory start

2021-10-21 12:06:46,405 INFO [capacityManagement] start correct usage

2021-10-21 12:06:46,411 INFO [capacityManagement] end correct usage, cost: 0s

2021-10-21 12:06:46,879 WARN clearConfigHistory start

2021-10-21 12:16:45,969 INFO [capacityManagement] start correct usage

2021-10-21 12:16:45,975 INFO [capacityManagement] end correct usage, cost: 0s

2021-10-21 12:16:46,438 WARN clearConfigHistory start

2021-10-21 12:26:45,532 INFO [capacityManagement] start correct usage

2021-10-21 12:26:45,537 INFO [capacityManagement] end correct usage, cost: 0s

2021-10-21 12:26:45,999 WARN clearConfigHistory start

