2021-10-21 11:26:47,363 INFO raft peers changed: [Member{ip='7b8b4d0c685b', port=8848, state=UP, extendInfo={raftPort=7848}}]

2021-10-21 11:26:47,412 INFO initializing Raft sub-system

2021-10-21 11:26:47,423 INFO finish loading all datums, size: 0 cost 11 ms.

2021-10-21 11:26:47,431 INFO cache loaded, datum count: 0, current term: 0

2021-10-21 11:26:47,431 INFO finish to load data from disk, cost: 19 ms.

2021-10-21 11:26:47,437 INFO timer started: leader timeout ms: 15000, heart-beat timeout ms: 5000

2021-10-21 11:26:48,073 INFO add listener: com.alibaba.nacos.naming.domains.meta.00-00---000-NACOS_SWITCH_DOMAIN-000---00-00

2021-10-21 11:26:48,093 INFO add listener: com.alibaba.nacos.naming.domains.meta.

2021-10-21 11:26:52,338 WARN start to close old raft protocol!!!

2021-10-21 11:26:52,339 WARN stop old raft protocol task for notifier

2021-10-21 11:26:52,339 WARN stop old raft protocol task for master task

2021-10-21 11:26:52,339 WARN stop old raft protocol task for heartbeat task

2021-10-21 11:26:52,339 WARN clean old cache datum for old raft

2021-10-21 11:26:52,339 WARN start to close old raft protocol!!!

2021-10-21 11:26:52,339 WARN stop old raft protocol task for notifier

2021-10-21 11:26:52,339 WARN stop old raft protocol task for master task

2021-10-21 11:26:52,339 WARN stop old raft protocol task for heartbeat task

2021-10-21 11:26:52,339 WARN clean old cache datum for old raft

2021-10-21 11:26:52,339 WARN start to move old raft protocol metadata

2021-10-21 11:26:52,353 INFO raft peers changed: [Member{ip='7b8b4d0c685b', port=8848, state=UP, extendInfo={lastRefreshTime=1634786812346, raftPort=7848, version=1.4.1}}]

2021-10-21 11:26:52,354 WARN start to move old raft protocol metadata

2021-10-21 11:34:09,800 INFO add listener: com.alibaba.nacos.naming.iplist.public##DEFAULT_GROUP@@course-class

2021-10-21 11:37:26,530 INFO add listener: com.alibaba.nacos.naming.iplist.public##DEFAULT_GROUP@@stats

2021-10-21 11:39:05,513 INFO add listener: com.alibaba.nacos.naming.iplist.public##DEFAULT_GROUP@@upms

2021-10-21 11:39:51,296 INFO add listener: com.alibaba.nacos.naming.iplist.public##DEFAULT_GROUP@@gateway

