
         ,--.
       ,--.'|
   ,--,:  : |                                           Nacos 1.4.1
,`--.'`|  ' :                       ,---.               Running in stand alone mode, All function modules
|   :  :  | |                      '   ,'\   .--.--.    Port: 8848
:   |   \ | :  ,--.--.     ,---.  /   /   | /  /    '   Pid: 26
|   : '  '; | /       \   /     \.   ; ,. :|  :  /`./   Console: http://7b8b4d0c685b:8848/nacos/index.html
'   ' ;.    ;.--.  .-. | /    / ''   | |: :|  :  ;_
|   | | \   | \__\/: . ..    ' / '   | .; : \  \    `.      https://nacos.io
'   : |  ; .' ," .--.; |'   ; :__|   :    |  `----.   \
|   | '`--'  /  /  ,.  |'   | '.'|\   \  /  /  /`--'  /
'   : |     ;  :   .'   \   :    : `----'  '--'.     /
;   |.'     |  ,     .-./\   \  /            `--'---'
'---'        `--`---'     `----'

2021-10-21 11:26:42,313 INFO Bean 'org.springframework.security.access.expression.method.DefaultMethodSecurityExpressionHandler@50dfbc58' of type [org.springframework.security.access.expression.method.DefaultMethodSecurityExpressionHandler] is not eligible for getting processed by all BeanPostProcessors (for example: not eligible for auto-proxying)

2021-10-21 11:26:42,325 INFO Bean 'methodSecurityMetadataSource' of type [org.springframework.security.access.method.DelegatingMethodSecurityMetadataSource] is not eligible for getting processed by all BeanPostProcessors (for example: not eligible for auto-proxying)

2021-10-21 11:26:42,792 INFO Tomcat initialized with port(s): 8848 (http)

2021-10-21 11:26:43,259 INFO Root WebApplicationContext: initialization completed in 6391 ms

2021-10-21 11:26:49,018 INFO Initializing ExecutorService 'applicationTaskExecutor'

2021-10-21 11:26:49,175 INFO Adding welcome page: class path resource [static/index.html]

2021-10-21 11:26:49,625 INFO Creating filter chain: Ant [pattern='/**'], []

2021-10-21 11:26:49,660 INFO Creating filter chain: any request, [org.springframework.security.web.context.request.async.WebAsyncManagerIntegrationFilter@287f94b1, org.springframework.security.web.context.SecurityContextPersistenceFilter@2e8ab815, org.springframework.security.web.header.HeaderWriterFilter@f31c0c6, org.springframework.security.web.csrf.CsrfFilter@263f04ca, org.springframework.security.web.authentication.logout.LogoutFilter@5c77053b, org.springframework.security.web.savedrequest.RequestCacheAwareFilter@d1f74b8, org.springframework.security.web.servletapi.SecurityContextHolderAwareRequestFilter@21a5fd96, org.springframework.security.web.authentication.AnonymousAuthenticationFilter@30b34287, org.springframework.security.web.session.SessionManagementFilter@4a9419d7, org.springframework.security.web.access.ExceptionTranslationFilter@5a021cb9]

2021-10-21 11:26:49,771 INFO Initializing ExecutorService 'taskScheduler'

2021-10-21 11:26:49,803 INFO Exposing 2 endpoint(s) beneath base path '/actuator'

2021-10-21 11:26:49,930 INFO Tomcat started on port(s): 8848 (http) with context path '/nacos'

2021-10-21 11:26:49,939 INFO Nacos started successfully in stand alone mode. use embedded storage

2021-10-21 11:31:46,018 INFO Initializing Servlet 'dispatcherServlet'

2021-10-21 11:31:46,035 INFO Completed initialization in 14 ms

